app/build/intermediates/manifest_merge_blame_file/debug/manifest-merger-blame-debug-report.txt
1<?xml version="1.0" encoding="utf-8"?>
2<manifest xmlns:android="http://schemas.android.com/apk/res/android"
3    package="com.safetweet"
4    android:versionCode="1"
5    android:versionName="1.0" >
6
7    <uses-sdk
8        android:minSdkVersion="21"
8-->src/main/AndroidManifest.xml
9        android:targetSdkVersion="28" />
9-->src/main/AndroidManifest.xml
10
11    <uses-permission android:name="android.permission.INTERNET" />
11-->src/main/AndroidManifest.xml:31:5-66
11-->src/main/AndroidManifest.xml:31:22-64
12
13    <application
13-->src/main/AndroidManifest.xml:5:6-30:19
14        android:allowBackup="true"
14-->src/main/AndroidManifest.xml:6:13-39
15        android:appComponentFactory="androidx.core.app.CoreComponentFactory"
15-->[androidx.core:core:1.0.1] AndroidManifest.xml:22:18-86
16        android:debuggable="true"
17        android:icon="@mipmap/ic_launcher"
17-->src/main/AndroidManifest.xml:7:13-47
18        android:label="@string/app_name"
18-->src/main/AndroidManifest.xml:8:13-45
19        android:networkSecurityConfig="@xml/network_security_config"
19-->src/main/AndroidManifest.xml:11:13-73
20        android:roundIcon="@mipmap/ic_launcher_round"
20-->src/main/AndroidManifest.xml:9:13-58
21        android:supportsRtl="true"
21-->src/main/AndroidManifest.xml:10:13-39
22        android:testOnly="true"
23        android:theme="@style/Theme.AppCompat.NoActionBar" >
23-->src/main/AndroidManifest.xml:12:13-63
24        <activity
24-->src/main/AndroidManifest.xml:13:9-18:20
25            android:name="com.safetweet.MainPageActivity"
25-->src/main/AndroidManifest.xml:14:17-49
26            android:label="@string/title_activity_main_page"
26-->src/main/AndroidManifest.xml:15:17-65
27            android:screenOrientation="portrait"
27-->src/main/AndroidManifest.xml:17:17-53
28            android:theme="@style/NoActionBar" >
28-->src/main/AndroidManifest.xml:16:17-51
29        </activity>
30        <activity
30-->src/main/AndroidManifest.xml:19:9-21:20
31            android:name="com.safetweet.AboutPageActivity"
31-->src/main/AndroidManifest.xml:19:19-52
32            android:screenOrientation="portrait" >
32-->src/main/AndroidManifest.xml:20:19-55
33        </activity>
34        <activity
34-->src/main/AndroidManifest.xml:22:9-29:20
35            android:name="com.safetweet.LoginPageActivity"
35-->src/main/AndroidManifest.xml:22:19-52
36            android:screenOrientation="portrait" >
36-->src/main/AndroidManifest.xml:23:19-55
37            <intent-filter>
37-->src/main/AndroidManifest.xml:24:13-28:29
38                <action android:name="android.intent.action.MAIN" />
38-->src/main/AndroidManifest.xml:25:17-68
38-->src/main/AndroidManifest.xml:25:25-66
39
40                <category android:name="android.intent.category.LAUNCHER" />
40-->src/main/AndroidManifest.xml:27:17-76
40-->src/main/AndroidManifest.xml:27:27-74
41            </intent-filter>
42        </activity>
43        <activity
43-->[com.twitter.sdk.android:tweet-ui:3.1.1] AndroidManifest.xml:28:9-31:49
44            android:name="com.twitter.sdk.android.tweetui.PlayerActivity"
44-->[com.twitter.sdk.android:tweet-ui:3.1.1] AndroidManifest.xml:29:13-74
45            android:configChanges="keyboardHidden|orientation|screenSize"
45-->[com.twitter.sdk.android:tweet-ui:3.1.1] AndroidManifest.xml:30:13-74
46            android:theme="@style/MediaTheme" />
46-->[com.twitter.sdk.android:tweet-ui:3.1.1] AndroidManifest.xml:31:13-46
47        <activity
47-->[com.twitter.sdk.android:tweet-ui:3.1.1] AndroidManifest.xml:32:9-34:49
48            android:name="com.twitter.sdk.android.tweetui.GalleryActivity"
48-->[com.twitter.sdk.android:tweet-ui:3.1.1] AndroidManifest.xml:33:13-75
49            android:theme="@style/MediaTheme" />
49-->[com.twitter.sdk.android:tweet-ui:3.1.1] AndroidManifest.xml:34:13-46
50        <activity
50-->[com.twitter.sdk.android:tweet-composer:3.1.1] AndroidManifest.xml:28:9-31:71
51            android:name="com.twitter.sdk.android.tweetcomposer.ComposerActivity"
51-->[com.twitter.sdk.android:tweet-composer:3.1.1] AndroidManifest.xml:29:13-82
52            android:exported="false"
52-->[com.twitter.sdk.android:tweet-composer:3.1.1] AndroidManifest.xml:30:13-37
53            android:windowSoftInputMode="adjustResize|stateVisible" />
53-->[com.twitter.sdk.android:tweet-composer:3.1.1] AndroidManifest.xml:31:13-68
54
55        <service
55-->[com.twitter.sdk.android:tweet-composer:3.1.1] AndroidManifest.xml:33:9-36:40
56            android:name="com.twitter.sdk.android.tweetcomposer.TweetUploadService"
56-->[com.twitter.sdk.android:tweet-composer:3.1.1] AndroidManifest.xml:34:13-84
57            android:enabled="true"
57-->[com.twitter.sdk.android:tweet-composer:3.1.1] AndroidManifest.xml:35:13-35
58            android:exported="false" />
58-->[com.twitter.sdk.android:tweet-composer:3.1.1] AndroidManifest.xml:36:13-37
59
60        <activity
60-->[com.twitter.sdk.android:twitter-core:3.1.1] AndroidManifest.xml:28:9-32:40
61            android:name="com.twitter.sdk.android.core.identity.OAuthActivity"
61-->[com.twitter.sdk.android:twitter-core:3.1.1] AndroidManifest.xml:29:13-79
62            android:configChanges="orientation|screenSize"
62-->[com.twitter.sdk.android:twitter-core:3.1.1] AndroidManifest.xml:30:13-59
63            android:excludeFromRecents="true"
63-->[com.twitter.sdk.android:twitter-core:3.1.1] AndroidManifest.xml:31:13-46
64            android:exported="false" />
64-->[com.twitter.sdk.android:twitter-core:3.1.1] AndroidManifest.xml:32:13-37
65    </application>
66
67</manifest>